commit fabfad78df4aacfe4b18835db77a55d64ccfefd2
Author: Ian Buitrago <kieldro@gmail.com>
Date:   Mon Jun 11 18:36:33 2012 -0500

    few updates.

commit 83c4f27d8f05f22c6fcbbcd4698ccf0057b69199
Author: Ian Buitrago <kieldro@gmail.com>
Date:   Mon Jun 11 17:51:44 2012 -0500

    configured doxygen.

commit cf9102f3ebd29b180d1daa2938638dff09cb243c
Author: Ian Buitrago <kieldro@gmail.com>
Date:   Mon Jun 11 17:44:27 2012 -0500

    unit tests compiling.

commit 664e3842e0a857793b6075dae711db320f8be2fb
Author: Ian Buitrago <kieldro@gmail.com>
Date:   Mon Jun 11 17:10:12 2012 -0500

    SphereCollatz.c++ accepted by Sphere.

commit c7c77c098e710af4fc4ccaf88561b0f645b79c60
Author: Ian Buitrago <kieldro@gmail.com>
Date:   Mon Jun 11 15:55:29 2012 -0500

    more files.

commit 182607b71b43f8bba4ea3b9936d889988f167e59
Author: Ian Buitrago <kieldro@gmail.com>
Date:   Mon Jun 11 15:32:59 2012 -0500

    adding more required files.

commit 67a96952d829f9c09e5bb837ce901bc945488cbd
Author: Ian Buitrago <kieldro@gmail.com>
Date:   Mon Jun 11 15:14:05 2012 -0500

    First commit.
